<?xml version="1.0" encoding="UTF-8"?>
<!-- Generated by org.testng.reporters.JUnitXMLReporter -->
<testsuite ignored="0" hostname="DESKTOP-9ALJT7J" failures="1" tests="1" name="Test" time="44.666" errors="0" timestamp="2021-08-10T18:02:12 IST">
  <testcase classname="Acedemy.logintest" name="login" time="41.752">
    <failure type="java.lang.AssertionError" message="expected [Comm Areas] but found [Common Areas]">
      <![CDATA[java.lang.AssertionError: expected [Comm Areas] but found [Common Areas]
at Acedemy.logintest.login(logintest.java:43)
at java.base/java.util.ArrayList.forEach(ArrayList.java:1511)
... Removed 33 stack frames]]>
    </failure>
  </testcase> <!-- login -->
</testsuite> <!-- Test -->
