<?xml version="1.0" encoding="UTF-8"?>
<!-- Generated by org.testng.reporters.JUnitXMLReporter -->
<testsuite hostname="DESKTOP-9ALJT7J" ignored="0" name="Test" tests="1" failures="1" timestamp="2021-08-12T11:27:23 IST" time="21.208" errors="0">
  <testcase name="login" time="11.297" classname="Acedemy.logintest">
    <failure type="java.lang.AssertionError" message="expected [Common Areas] but found [LOGIN]">
      <![CDATA[java.lang.AssertionError: expected [Common Areas] but found [LOGIN]
at Acedemy.logintest.login(logintest.java:44)
at java.util.ArrayList.forEach(ArrayList.java:1259)
... Removed 37 stack frames]]>
    </failure>
  </testcase> <!-- login -->
</testsuite> <!-- Test -->
