<?xml version="1.0" encoding="UTF-8"?>
<testng-results ignored="0" total="1" passed="1" failed="0" skipped="0">
  <reporter-output>
  </reporter-output>
  <suite started-at="2021-08-13T10:41:30 IST" name="Suite" finished-at="2021-08-13T10:42:45 IST" duration-ms="74544">
    <groups>
    </groups>
    <test started-at="2021-08-13T10:41:30 IST" name="Test" finished-at="2021-08-13T10:42:45 IST" duration-ms="74544">
      <class name="Acedemy.logintest">
        <test-method is-config="true" signature="initialize()[pri:0, instance:Acedemy.logintest@3670f00]" started-at="2021-08-13T10:41:30 IST" name="initialize" finished-at="2021-08-13T10:41:33 IST" duration-ms="2328" status="PASS">
          <reporter-output>
          </reporter-output>
        </test-method> <!-- initialize -->
        <test-method signature="login(java.lang.String,java.lang.String,java.lang.String)[pri:0, instance:Acedemy.logintest@3670f00]" started-at="2021-08-13T10:41:33 IST" name="login" data-provider="getdata" finished-at="2021-08-13T10:42:41 IST" duration-ms="67859" status="PASS">
          <params>
            <param index="0">
              <value>
                <![CDATA[tombarnes@commonareas.work.dev]]>
              </value>
            </param>
            <param index="1">
              <value>
                <![CDATA[1234567Aa]]>
              </value>
            </param>
            <param index="2">
              <value>
                <![CDATA[Restricted user]]>
              </value>
            </param>
          </params>
          <reporter-output>
          </reporter-output>
        </test-method> <!-- login -->
        <test-method is-config="true" signature="teardown()[pri:0, instance:Acedemy.logintest@3670f00]" started-at="2021-08-13T10:42:41 IST" name="teardown" finished-at="2021-08-13T10:42:45 IST" duration-ms="4281" status="PASS">
          <reporter-output>
          </reporter-output>
        </test-method> <!-- teardown -->
      </class> <!-- Acedemy.logintest -->
    </test> <!-- Test -->
  </suite> <!-- Suite -->
</testng-results>
