<?xml version="1.0" encoding="UTF-8"?>
<testng-results ignored="0" total="1" passed="1" failed="0" skipped="0">
  <reporter-output>
  </reporter-output>
  <suite started-at="2021-08-12T11:29:49 IST" name="Default suite" finished-at="2021-08-12T11:30:06 IST" duration-ms="16896">
    <groups>
    </groups>
    <test started-at="2021-08-12T11:29:49 IST" name="Default test" finished-at="2021-08-12T11:30:06 IST" duration-ms="16896">
      <class name="Acedemy.logintest">
        <test-method is-config="true" signature="initialize()[pri:0, instance:Acedemy.logintest@2974f221]" started-at="2021-08-12T11:29:49 IST" name="initialize" finished-at="2021-08-12T11:29:52 IST" duration-ms="3344" status="PASS">
          <reporter-output>
          </reporter-output>
        </test-method> <!-- initialize -->
        <test-method signature="login(java.lang.String,java.lang.String,java.lang.String)[pri:0, instance:Acedemy.logintest@2974f221]" started-at="2021-08-12T11:29:52 IST" name="login" data-provider="getdata" finished-at="2021-08-12T11:30:05 IST" duration-ms="12860" status="PASS">
          <params>
            <param index="0">
              <value>
                <![CDATA[tombarnes@commonareas.work.dev]]>
              </value>
            </param>
            <param index="1">
              <value>
                <![CDATA[1234567Aa]]>
              </value>
            </param>
            <param index="2">
              <value>
                <![CDATA[Restricted user]]>
              </value>
            </param>
          </params>
          <reporter-output>
          </reporter-output>
        </test-method> <!-- login -->
        <test-method is-config="true" signature="teardown()[pri:0, instance:Acedemy.logintest@2974f221]" started-at="2021-08-12T11:30:05 IST" name="teardown" finished-at="2021-08-12T11:30:06 IST" duration-ms="595" status="PASS">
          <reporter-output>
          </reporter-output>
        </test-method> <!-- teardown -->
      </class> <!-- Acedemy.logintest -->
    </test> <!-- Default test -->
  </suite> <!-- Default suite -->
</testng-results>
